<?xml version="1.0" encoding="UTF-8"?>
<!-- Generated by org.testng.reporters.JUnitReportReporter -->
<testsuite hostname="LAPTOP-1PFS2TT4" failures="0" tests="1" name="testpackage.CalendarTest" time="18.548" errors="0" timestamp="2025-03-17T18:11:56 IST" skipped="0">
  <testcase classname="testpackage.CalendarTest" name="createCalender" time="18.548">
    <system-out>
      <![CDATA[createCalender testcase execution started]]>
    </system-out>
  </testcase> <!-- createCalender -->
  <system-out>
    <![CDATA[--------Execution started-------
createCalender testcase execution started]]>
  </system-out>
</testsuite> <!-- testpackage.CalendarTest -->
