<?xml version="1.0" encoding="UTF-8"?>
<!-- Generated by org.testng.reporters.JUnitReportReporter -->
<testsuite hostname="LAPTOP-1PFS2TT4" failures="0" tests="2" name="testpackage.ScenarioTest2" time="23.026" errors="0" timestamp="2025-03-15T14:27:34 IST" skipped="0">
  <testcase classname="testpackage.ScenarioTest2" name="TestCase3" time="14.042">
    <system-out>
      <![CDATA[TestCase3 testcase execution started]]>
    </system-out>
  </testcase> <!-- TestCase3 -->
  <testcase classname="testpackage.ScenarioTest2" name="TestCase4" time="8.984">
    <system-out>
      <![CDATA[TestCase4 testcase execution started]]>
    </system-out>
  </testcase> <!-- TestCase4 -->
  <system-out>
    <![CDATA[--------Execution started-------
verify testcase execution started
verify testcase execution failed
java.lang.AssertionError: The following asserts failed:
expected [true] but found [false]
printData testcase execution started
printData testcase execution started
printData testcase execution started
printData testcase execution started
printData testcase execution started
printData testcase execution started
printData testcase execution started
printData testcase execution started
createOrganization testcase execution started
createlead testcase execution started
moveToContacts testcase execution started
moveToLeadsPage testcase execution started
moveToOrganization testcase execution started
TestCase3 testcase execution started
TestCase4 testcase execution started
createContact testcase execution started
createContact testcase execution started
createContact testcase execution started
moveToCalenderPage testcase execution started]]>
  </system-out>
</testsuite> <!-- testpackage.ScenarioTest2 -->
