<?xml version="1.0" encoding="UTF-8"?>
<!-- Generated by org.testng.reporters.JUnitReportReporter -->
<testsuite hostname="LAPTOP-1PFS2TT4" failures="0" tests="1" name="testpackage.LeadTest" time="33.604" errors="0" timestamp="2025-03-17T13:24:52 IST" skipped="0">
  <testcase classname="testpackage.LeadTest" name="createlead" time="33.604">
    <system-out>
      <![CDATA[createlead testcase execution started]]>
    </system-out>
  </testcase> <!-- createlead -->
  <system-out>
    <![CDATA[--------Execution started-------
createContact testcase execution started
--------Execution started-------
moveToContacts testcase execution started
--------Execution started-------
createlead testcase execution started
--------Execution started-------
verify testcase execution started
moveToLeadsPage testcase execution started
TestCase3 testcase execution started
createContact testcase execution started
moveToOrganization testcase execution started
TestCase4 testcase execution started
createContact testcase execution started
moveToCalenderPage testcase execution started]]>
  </system-out>
</testsuite> <!-- testpackage.LeadTest -->
