<?xml version="1.0" encoding="UTF-8"?>
<!-- Generated by org.testng.reporters.JUnitReportReporter -->
<testsuite hostname="LAPTOP-1PFS2TT4" failures="0" tests="4" name="testpackage.AtrributeTest" time="81.500" errors="0" timestamp="2025-03-17T13:24:52 IST" skipped="0">
  <testcase classname="testpackage.AtrributeTest" name="moveToContacts" time="25.465">
    <system-out>
      <![CDATA[moveToContacts testcase execution started]]>
    </system-out>
  </testcase> <!-- moveToContacts -->
  <testcase classname="testpackage.AtrributeTest" name="moveToOrganization" time="16.403">
    <system-out>
      <![CDATA[moveToOrganization testcase execution started]]>
    </system-out>
  </testcase> <!-- moveToOrganization -->
  <testcase classname="testpackage.AtrributeTest" name="moveToCalenderPage" time="20.206">
    <system-out>
      <![CDATA[moveToCalenderPage testcase execution started]]>
    </system-out>
  </testcase> <!-- moveToCalenderPage -->
  <testcase classname="testpackage.AtrributeTest" name="moveToLeadsPage" time="19.426">
    <system-out>
      <![CDATA[moveToLeadsPage testcase execution started]]>
    </system-out>
  </testcase> <!-- moveToLeadsPage -->
  <system-out>
    <![CDATA[--------Execution started-------
createContact testcase execution started
--------Execution started-------
moveToContacts testcase execution started
--------Execution started-------
createlead testcase execution started
--------Execution started-------
verify testcase execution started
moveToLeadsPage testcase execution started
TestCase3 testcase execution started
createContact testcase execution started
moveToOrganization testcase execution started
TestCase4 testcase execution started
createContact testcase execution started
moveToCalenderPage testcase execution started]]>
  </system-out>
</testsuite> <!-- testpackage.AtrributeTest -->
