<?xml version="1.0" encoding="UTF-8"?>
<!-- Generated by org.testng.reporters.JUnitReportReporter -->
<testsuite hostname="LAPTOP-1PFS2TT4" failures="0" tests="1" name="testpackage.CalendarTest" time="12.686" errors="0" timestamp="2025-03-17T12:04:08 IST" skipped="0">
  <testcase classname="testpackage.CalendarTest" name="createCalender" time="12.686">
    <system-out>
      <![CDATA[createCalender testcase execution started]]>
    </system-out>
  </testcase> <!-- createCalender -->
  <system-out>
    <![CDATA[--------Execution started-------
moveToContacts testcase execution started
moveToLeadsPage testcase execution started
moveToOrganization testcase execution started
createCalender testcase execution started
createContact testcase execution started
createContact testcase execution started
createContact testcase execution started
createlead testcase execution started
createOrganization testcase execution started
moveToCalenderPage testcase execution started]]>
  </system-out>
</testsuite> <!-- testpackage.CalendarTest -->
