<?xml version="1.0" encoding="UTF-8"?>
<!-- Generated by org.testng.reporters.JUnitReportReporter -->
<testsuite hostname="LAPTOP-1PFS2TT4" failures="0" tests="1" name="testpackage.ParameterTest" time="0.000" errors="0" timestamp="2025-03-17T12:32:25 IST" skipped="0">
  <testcase classname="testpackage.ParameterTest" name="getDataFromMaven" time="0.000"/>
</testsuite> <!-- testpackage.ParameterTest -->
